<?xml version="1.0" encoding="UTF-8"?>
<!-- Generated by org.testng.reporters.JUnitXMLReporter -->
<testsuite hostname="SarthakThinkpad" ignored="1" name="Test" tests="6" failures="2" timestamp="14 Apr 2023 17:48:20 GMT" time="17.341" errors="0">
  <testcase name="loginTest" time="1.748" classname="testng_revision_7th_Apr_2023.Automation_Using_BM_AM"/>
  <testcase name="registerTest" time="1.86" classname="testng_revision_7th_Apr_2023.Automation_Using_BM_AM"/>
  <testcase name="testCase1" time="0.0" classname="testng_revision_7th_Apr_2023.Annotations_In_TestNG"/>
  <testcase name="testCase2" time="0.0" classname="testng_revision_7th_Apr_2023.Annotations_In_TestNG"/>
  <testcase name="tutorialsNinjaLoginTest" time="0.0" classname="testng_revision_7th_Apr_2023.Paramterization_TestCases">
    <failure type="org.testng.TestNGException" message="
Parameter &amp;apos;Browser&amp;apos; is required by @Test on method tutorialsNinjaLoginTest but has not been marked @Optional or defined
in C:\Users\sarth\eclipse-workspace\REVISION_CODE\testng.xml">
      <![CDATA[org.testng.TestNGException: 
Parameter 'Browser' is required by @Test on method tutorialsNinjaLoginTest but has not been marked @Optional or defined
in C:\Users\sarth\eclipse-workspace\REVISION_CODE\testng.xml
... Removed 28 stack frames]]>
    </failure>
  </testcase> <!-- tutorialsNinjaLoginTest -->
  <testcase name="setUpTest" time="0.002" classname="testng_revision_7th_Apr_2023.AlwaysRun_True">
    <failure type="java.lang.AssertionError" message="null">
      <![CDATA[java.lang.AssertionError: null
at testng_revision_7th_Apr_2023.AlwaysRun_True.setUpTest(AlwaysRun_True.java:11)
... Removed 31 stack frames]]>
    </failure>
  </testcase> <!-- setUpTest -->
  <testcase name="logoutTest" time="0.0" classname="testng_revision_7th_Apr_2023.AlwaysRun_True">
    <ignored/>
  </testcase> <!-- logoutTest -->
</testsuite> <!-- Test -->
