<!DOCTYPE html PUBLIC "-//W3C//DTD XHTML 1.1//EN" "http://www.w3.org/TR/xhtml11/DTD/xhtml11.dtd">
<html xmlns="http://www.w3.org/1999/xhtml">
<head>
<meta http-equiv="content-type" content="text/html; charset=UTF-8"/>
<title>TestNG Report</title>
<style type="text/css">table {margin-bottom:10px;border-collapse:collapse;empty-cells:show}th,td {border:1px solid #009;padding:.25em .5em}th {vertical-align:bottom}td {vertical-align:top}table a {font-weight:bold}.stripe td {background-color: #E6EBF9}.num {text-align:right}.passedodd td {background-color: #3F3}.passedeven td {background-color: #0A0}.skippedodd td {background-color: #DDD}.skippedeven td {background-color: #CCC}.failedodd td,.attn {background-color: #F33}.failedeven td,.stripe .attn {background-color: #D00}.stacktrace {white-space:pre;font-family:monospace}.totop {font-size:85%;text-align:center;border-bottom:2px solid #000}.invisible {display:none}</style>
</head>
<body>
<table>
<tr><th>Test</th><th># Passed</th><th># Skipped</th><th># Failed</th><th>Time (ms)</th><th>Included Groups</th><th>Excluded Groups</th></tr>
<tr><th colspan="7">Suite</th></tr>
<tr><td><a href="#t0">Test</a></td><td class="num">4</td><td class="num">0</td><td class="num attn">2</td><td class="num">17,341</td><td></td><td></td></tr>
<tr><th colspan="7">Suite (0)</th></tr>
<tr class="stripe"><td><a href="#t1">Test</a></td><td class="num">4</td><td class="num">0</td><td class="num">0</td><td class="num">5</td><td>CompleteClassLevelTests, windows.*</td><td>macOS.*</td></tr>
<tr><th>Total</th><th class="num">8</th><th class="num">0</th><th class="num attn">2</th><th class="num">17,346</th><th colspan="2"></th></tr>
</table>
<table id='summary'><thead><tr><th>Class</th><th>Method</th><th>Start</th><th>Time (ms)</th></tr></thead><tbody><tr><th colspan="4">Suite</th></tr></tbody><tbody id="t0"><tr><th colspan="4">Test &#8212; failed</th></tr><tr class="failedeven"><td rowspan="1">testng_revision_7th_Apr_2023.AlwaysRun_True</td><td><a href="#m0">setUpTest</a></td><td rowspan="1">1681494500295</td><td rowspan="1">2</td></tr><tr class="failedodd"><td rowspan="1">testng_revision_7th_Apr_2023.Paramterization_TestCases</td><td><a href="#m1">tutorialsNinjaLoginTest</a></td><td rowspan="1">1681494500289</td><td rowspan="1">0</td></tr><tr><th colspan="4">Test &#8212; passed</th></tr><tr class="passedeven"><td rowspan="2">testng_revision_7th_Apr_2023.Annotations_In_TestNG</td><td><a href="#m2">testCase1</a></td><td rowspan="1">1681494500282</td><td rowspan="1">0</td></tr><tr class="passedeven"><td><a href="#m3">testCase2</a></td><td rowspan="1">1681494500283</td><td rowspan="1">0</td></tr><tr class="passedodd"><td rowspan="2">testng_revision_7th_Apr_2023.Automation_Using_BM_AM</td><td><a href="#m4">loginTest</a></td><td rowspan="1">1681494489321</td><td rowspan="1">1748</td></tr><tr class="passedodd"><td><a href="#m5">registerTest</a></td><td rowspan="1">1681494497595</td><td rowspan="1">1860</td></tr></tbody>
<tbody><tr><th colspan="4">Suite (0)</th></tr></tbody><tbody id="t1"><tr><th colspan="4">Test &#8212; passed</th></tr><tr class="passedeven"><td rowspan="4">testng_revision_7th_Apr_2023.Groups_InTestNG</td><td><a href="#m6">tc1</a></td><td rowspan="1">1681494500350</td><td rowspan="1">0</td></tr><tr class="passedeven"><td><a href="#m7">tc2</a></td><td rowspan="1">1681494500351</td><td rowspan="1">0</td></tr><tr class="passedeven"><td><a href="#m8">tc3</a></td><td rowspan="1">1681494500351</td><td rowspan="1">0</td></tr><tr class="passedeven"><td><a href="#m9">tc4</a></td><td rowspan="1">1681494500353</td><td rowspan="1">0</td></tr></tbody>
</table>
<h2>Test</h2><h3 id="m0">testng_revision_7th_Apr_2023.AlwaysRun_True#setUpTest</h3><table class="result"><tr><th>Exception</th></tr><tr><td><div class="stacktrace">java.lang.AssertionError: null
	at testng_revision_7th_Apr_2023.AlwaysRun_True.setUpTest(AlwaysRun_True.java:11)
... Removed 31 stack frames</div></td></tr></table><p class="totop"><a href="#summary">back to summary</a></p>
<h3 id="m1">testng_revision_7th_Apr_2023.Paramterization_TestCases#tutorialsNinjaLoginTest</h3><table class="result"><tr><th>Exception</th></tr><tr><td><div class="stacktrace">org.testng.TestNGException: 
Parameter &apos;Browser&apos; is required by @Test on method tutorialsNinjaLoginTest but has not been marked @Optional or defined
in C:\Users\sarth\eclipse-workspace\REVISION_CODE\testng.xml
... Removed 28 stack frames</div></td></tr></table><p class="totop"><a href="#summary">back to summary</a></p>
<h3 id="m2">testng_revision_7th_Apr_2023.Annotations_In_TestNG#testCase1</h3><table class="result"><tr><th class="invisible"/></tr></table><p class="totop"><a href="#summary">back to summary</a></p>
<h3 id="m3">testng_revision_7th_Apr_2023.Annotations_In_TestNG#testCase2</h3><table class="result"><tr><th class="invisible"/></tr></table><p class="totop"><a href="#summary">back to summary</a></p>
<h3 id="m4">testng_revision_7th_Apr_2023.Automation_Using_BM_AM#loginTest</h3><table class="result"><tr><th class="invisible"/></tr></table><p class="totop"><a href="#summary">back to summary</a></p>
<h3 id="m5">testng_revision_7th_Apr_2023.Automation_Using_BM_AM#registerTest</h3><table class="result"><tr><th class="invisible"/></tr></table><p class="totop"><a href="#summary">back to summary</a></p>
<h2>Test</h2><h3 id="m6">testng_revision_7th_Apr_2023.Groups_InTestNG#tc1</h3><table class="result"><tr><th class="invisible"/></tr></table><p class="totop"><a href="#summary">back to summary</a></p>
<h3 id="m7">testng_revision_7th_Apr_2023.Groups_InTestNG#tc2</h3><table class="result"><tr><th class="invisible"/></tr></table><p class="totop"><a href="#summary">back to summary</a></p>
<h3 id="m8">testng_revision_7th_Apr_2023.Groups_InTestNG#tc3</h3><table class="result"><tr><th class="invisible"/></tr></table><p class="totop"><a href="#summary">back to summary</a></p>
<h3 id="m9">testng_revision_7th_Apr_2023.Groups_InTestNG#tc4</h3><table class="result"><tr><th class="invisible"/></tr></table><p class="totop"><a href="#summary">back to summary</a></p>
</body>
</html>
