<?xml version="1.0" encoding="UTF-8"?>
<testng-results skipped="0" failed="2" ignored="2" total="12" passed="8">
  <reporter-output>
  </reporter-output>
  <suite name="Suite" duration-ms="17341" started-at="2023-04-14T17:48:02Z" finished-at="2023-04-14T17:48:20Z">
    <groups>
    </groups>
    <test name="Test" duration-ms="17341" started-at="2023-04-14T17:48:02Z" finished-at="2023-04-14T17:48:20Z">
      <class name="testng_revision_7th_Apr_2023.Annotations_In_TestNG">
        <test-method status="PASS" signature="beforeSuiteAnnotation()[pri:0, instance:testng_revision_7th_Apr_2023.Annotations_In_TestNG@131774fe]" name="beforeSuiteAnnotation" is-config="true" duration-ms="10" started-at="2023-04-14T17:48:02Z" finished-at="2023-04-14T17:48:02Z">
          <reporter-output>
          </reporter-output>
        </test-method> <!-- beforeSuiteAnnotation -->
        <test-method status="PASS" signature="beforeTestAnnotation()[pri:0, instance:testng_revision_7th_Apr_2023.Annotations_In_TestNG@131774fe]" name="beforeTestAnnotation" is-config="true" duration-ms="0" started-at="2023-04-14T17:48:02Z" finished-at="2023-04-14T17:48:02Z">
          <reporter-output>
          </reporter-output>
        </test-method> <!-- beforeTestAnnotation -->
        <test-method status="PASS" signature="beforeMethodAnnotation()[pri:0, instance:testng_revision_7th_Apr_2023.Annotations_In_TestNG@131774fe]" name="beforeMethodAnnotation" is-config="true" duration-ms="1" started-at="2023-04-14T17:48:20Z" finished-at="2023-04-14T17:48:20Z">
          <reporter-output>
          </reporter-output>
        </test-method> <!-- beforeMethodAnnotation -->
        <test-method status="PASS" signature="beforeClassAnnotation()[pri:0, instance:testng_revision_7th_Apr_2023.Annotations_In_TestNG@131774fe]" name="beforeClassAnnotation" is-config="true" duration-ms="0" started-at="2023-04-14T17:48:20Z" finished-at="2023-04-14T17:48:20Z">
          <reporter-output>
          </reporter-output>
        </test-method> <!-- beforeClassAnnotation -->
        <test-method status="PASS" signature="afterMethodAnnotation()[pri:0, instance:testng_revision_7th_Apr_2023.Annotations_In_TestNG@131774fe]" name="afterMethodAnnotation" is-config="true" duration-ms="0" started-at="2023-04-14T17:48:20Z" finished-at="2023-04-14T17:48:20Z">
          <reporter-output>
          </reporter-output>
        </test-method> <!-- afterMethodAnnotation -->
        <test-method status="PASS" signature="beforeMethodAnnotation()[pri:0, instance:testng_revision_7th_Apr_2023.Annotations_In_TestNG@131774fe]" name="beforeMethodAnnotation" is-config="true" duration-ms="1" started-at="2023-04-14T17:48:20Z" finished-at="2023-04-14T17:48:20Z">
          <reporter-output>
          </reporter-output>
        </test-method> <!-- beforeMethodAnnotation -->
        <test-method status="PASS" signature="testCase1()[pri:0, instance:testng_revision_7th_Apr_2023.Annotations_In_TestNG@131774fe]" name="testCase1" duration-ms="0" started-at="2023-04-14T17:48:20Z" finished-at="2023-04-14T17:48:20Z">
          <reporter-output>
          </reporter-output>
        </test-method> <!-- testCase1 -->
        <test-method status="PASS" signature="testCase2()[pri:0, instance:testng_revision_7th_Apr_2023.Annotations_In_TestNG@131774fe]" name="testCase2" duration-ms="0" started-at="2023-04-14T17:48:20Z" finished-at="2023-04-14T17:48:20Z">
          <reporter-output>
          </reporter-output>
        </test-method> <!-- testCase2 -->
        <test-method status="PASS" signature="afterMethodAnnotation()[pri:0, instance:testng_revision_7th_Apr_2023.Annotations_In_TestNG@131774fe]" name="afterMethodAnnotation" is-config="true" duration-ms="0" started-at="2023-04-14T17:48:20Z" finished-at="2023-04-14T17:48:20Z">
          <reporter-output>
          </reporter-output>
        </test-method> <!-- afterMethodAnnotation -->
        <test-method status="PASS" signature="afterClassAnnotation()[pri:0, instance:testng_revision_7th_Apr_2023.Annotations_In_TestNG@131774fe]" name="afterClassAnnotation" is-config="true" duration-ms="0" started-at="2023-04-14T17:48:20Z" finished-at="2023-04-14T17:48:20Z">
          <reporter-output>
          </reporter-output>
        </test-method> <!-- afterClassAnnotation -->
        <test-method status="PASS" signature="afterTestAnnotation()[pri:0, instance:testng_revision_7th_Apr_2023.Annotations_In_TestNG@131774fe]" name="afterTestAnnotation" is-config="true" duration-ms="0" started-at="2023-04-14T17:48:20Z" finished-at="2023-04-14T17:48:20Z">
          <reporter-output>
          </reporter-output>
        </test-method> <!-- afterTestAnnotation -->
        <test-method status="PASS" signature="afterSuiteAnnotation()[pri:0, instance:testng_revision_7th_Apr_2023.Annotations_In_TestNG@131774fe]" name="afterSuiteAnnotation" is-config="true" duration-ms="0" started-at="2023-04-14T17:48:20Z" finished-at="2023-04-14T17:48:20Z">
          <reporter-output>
          </reporter-output>
        </test-method> <!-- afterSuiteAnnotation -->
      </class> <!-- testng_revision_7th_Apr_2023.Annotations_In_TestNG -->
      <class name="testng_revision_7th_Apr_2023.Automation_Using_BM_AM">
        <test-method status="PASS" signature="setupBrowser()[pri:0, instance:testng_revision_7th_Apr_2023.Automation_Using_BM_AM@158d2680]" name="setupBrowser" is-config="true" duration-ms="6351" started-at="2023-04-14T17:48:02Z" finished-at="2023-04-14T17:48:09Z">
          <reporter-output>
          </reporter-output>
        </test-method> <!-- setupBrowser -->
        <test-method status="PASS" signature="loginTest()[pri:0, instance:testng_revision_7th_Apr_2023.Automation_Using_BM_AM@158d2680]" name="loginTest" duration-ms="1748" started-at="2023-04-14T17:48:09Z" finished-at="2023-04-14T17:48:11Z">
          <reporter-output>
          </reporter-output>
        </test-method> <!-- loginTest -->
        <test-method status="PASS" signature="tearDown()[pri:0, instance:testng_revision_7th_Apr_2023.Automation_Using_BM_AM@158d2680]" name="tearDown" is-config="true" duration-ms="632" started-at="2023-04-14T17:48:11Z" finished-at="2023-04-14T17:48:11Z">
          <reporter-output>
          </reporter-output>
        </test-method> <!-- tearDown -->
        <test-method status="PASS" signature="setupBrowser()[pri:0, instance:testng_revision_7th_Apr_2023.Automation_Using_BM_AM@158d2680]" name="setupBrowser" is-config="true" duration-ms="5892" started-at="2023-04-14T17:48:11Z" finished-at="2023-04-14T17:48:17Z">
          <reporter-output>
          </reporter-output>
        </test-method> <!-- setupBrowser -->
        <test-method status="PASS" signature="registerTest()[pri:0, instance:testng_revision_7th_Apr_2023.Automation_Using_BM_AM@158d2680]" name="registerTest" duration-ms="1860" started-at="2023-04-14T17:48:17Z" finished-at="2023-04-14T17:48:19Z">
          <reporter-output>
          </reporter-output>
        </test-method> <!-- registerTest -->
        <test-method status="PASS" signature="tearDown()[pri:0, instance:testng_revision_7th_Apr_2023.Automation_Using_BM_AM@158d2680]" name="tearDown" is-config="true" duration-ms="823" started-at="2023-04-14T17:48:19Z" finished-at="2023-04-14T17:48:20Z">
          <reporter-output>
          </reporter-output>
        </test-method> <!-- tearDown -->
      </class> <!-- testng_revision_7th_Apr_2023.Automation_Using_BM_AM -->
      <class name="testng_revision_7th_Apr_2023.AlwaysRun_True">
        <test-method status="FAIL" signature="setUpTest()[pri:1, instance:testng_revision_7th_Apr_2023.AlwaysRun_True@77847718]" name="setUpTest" duration-ms="2" started-at="2023-04-14T17:48:20Z" finished-at="2023-04-14T17:48:20Z">
          <exception class="java.lang.AssertionError">
            <message>
              <![CDATA[null]]>
            </message>
            <full-stacktrace>
              <![CDATA[java.lang.AssertionError: null
at org.testng.Assert.fail(Assert.java:96)
at org.testng.Assert.fail(Assert.java:103)
at testng_revision_7th_Apr_2023.AlwaysRun_True.setUpTest(AlwaysRun_True.java:11)
at sun.reflect.NativeMethodAccessorImpl.invoke0(Native Method)
at sun.reflect.NativeMethodAccessorImpl.invoke(NativeMethodAccessorImpl.java:62)
at sun.reflect.DelegatingMethodAccessorImpl.invoke(DelegatingMethodAccessorImpl.java:43)
at java.lang.reflect.Method.invoke(Method.java:498)
at org.testng.internal.MethodInvocationHelper.invokeMethod(MethodInvocationHelper.java:124)
at org.testng.internal.Invoker.invokeMethod(Invoker.java:583)
at org.testng.internal.Invoker.invokeTestMethod(Invoker.java:719)
at org.testng.internal.Invoker.invokeTestMethods(Invoker.java:989)
at org.testng.internal.TestMethodWorker.invokeTestMethods(TestMethodWorker.java:125)
at org.testng.internal.TestMethodWorker.run(TestMethodWorker.java:109)
at org.testng.TestRunner.privateRun(TestRunner.java:648)
at org.testng.TestRunner.run(TestRunner.java:505)
at org.testng.SuiteRunner.runTest(SuiteRunner.java:455)
at org.testng.SuiteRunner.runSequentially(SuiteRunner.java:450)
at org.testng.SuiteRunner.privateRun(SuiteRunner.java:415)
at org.testng.SuiteRunner.run(SuiteRunner.java:364)
at org.testng.SuiteRunnerWorker.runSuite(SuiteRunnerWorker.java:52)
at org.testng.SuiteRunnerWorker.run(SuiteRunnerWorker.java:84)
at org.testng.TestNG.runSuitesSequentially(TestNG.java:1208)
at org.testng.TestNG.runSuitesLocally(TestNG.java:1137)
at org.testng.TestNG.runSuites(TestNG.java:1049)
at org.testng.TestNG.run(TestNG.java:1017)
at org.apache.maven.surefire.testng.TestNGExecutor.run(TestNGExecutor.java:324)
at org.apache.maven.surefire.testng.TestNGXmlTestSuite.execute(TestNGXmlTestSuite.java:74)
at org.apache.maven.surefire.testng.TestNGProvider.invoke(TestNGProvider.java:123)
at org.apache.maven.surefire.booter.ForkedBooter.runSuitesInProcess(ForkedBooter.java:456)
at org.apache.maven.surefire.booter.ForkedBooter.execute(ForkedBooter.java:169)
at org.apache.maven.surefire.booter.ForkedBooter.run(ForkedBooter.java:595)
at org.apache.maven.surefire.booter.ForkedBooter.main(ForkedBooter.java:581)
]]>
            </full-stacktrace>
          </exception> <!-- java.lang.AssertionError -->
          <reporter-output>
          </reporter-output>
        </test-method> <!-- setUpTest -->
      </class> <!-- testng_revision_7th_Apr_2023.AlwaysRun_True -->
      <class name="testng_revision_7th_Apr_2023.Paramterization_TestCases">
        <test-method status="FAIL" signature="tutorialsNinjaLoginTest(java.lang.String, java.lang.String, java.lang.String, java.lang.String)[pri:0, instance:testng_revision_7th_Apr_2023.Paramterization_TestCases@57a3af25]" name="tutorialsNinjaLoginTest" duration-ms="0" started-at="2023-04-14T17:48:20Z" finished-at="2023-04-14T17:48:20Z">
          <exception class="org.testng.TestNGException">
            <message>
              <![CDATA[
Parameter 'Browser' is required by @Test on method tutorialsNinjaLoginTest but has not been marked @Optional or defined
in C:\Users\sarth\eclipse-workspace\REVISION_CODE\testng.xml]]>
            </message>
            <full-stacktrace>
              <![CDATA[org.testng.TestNGException: 
Parameter 'Browser' is required by @Test on method tutorialsNinjaLoginTest but has not been marked @Optional or defined
in C:\Users\sarth\eclipse-workspace\REVISION_CODE\testng.xml
at org.testng.internal.Parameters.createParams(Parameters.java:290)
at org.testng.internal.Parameters.createParametersForMethod(Parameters.java:359)
at org.testng.internal.Parameters.createParameters(Parameters.java:620)
at org.testng.internal.Parameters.handleParameters(Parameters.java:769)
at org.testng.internal.ParameterHandler.handleParameters(ParameterHandler.java:49)
at org.testng.internal.ParameterHandler.createParameters(ParameterHandler.java:37)
at org.testng.internal.Invoker.invokeTestMethods(Invoker.java:924)
at org.testng.internal.TestMethodWorker.invokeTestMethods(TestMethodWorker.java:125)
at org.testng.internal.TestMethodWorker.run(TestMethodWorker.java:109)
at org.testng.TestRunner.privateRun(TestRunner.java:648)
at org.testng.TestRunner.run(TestRunner.java:505)
at org.testng.SuiteRunner.runTest(SuiteRunner.java:455)
at org.testng.SuiteRunner.runSequentially(SuiteRunner.java:450)
at org.testng.SuiteRunner.privateRun(SuiteRunner.java:415)
at org.testng.SuiteRunner.run(SuiteRunner.java:364)
at org.testng.SuiteRunnerWorker.runSuite(SuiteRunnerWorker.java:52)
at org.testng.SuiteRunnerWorker.run(SuiteRunnerWorker.java:84)
at org.testng.TestNG.runSuitesSequentially(TestNG.java:1208)
at org.testng.TestNG.runSuitesLocally(TestNG.java:1137)
at org.testng.TestNG.runSuites(TestNG.java:1049)
at org.testng.TestNG.run(TestNG.java:1017)
at org.apache.maven.surefire.testng.TestNGExecutor.run(TestNGExecutor.java:324)
at org.apache.maven.surefire.testng.TestNGXmlTestSuite.execute(TestNGXmlTestSuite.java:74)
at org.apache.maven.surefire.testng.TestNGProvider.invoke(TestNGProvider.java:123)
at org.apache.maven.surefire.booter.ForkedBooter.runSuitesInProcess(ForkedBooter.java:456)
at org.apache.maven.surefire.booter.ForkedBooter.execute(ForkedBooter.java:169)
at org.apache.maven.surefire.booter.ForkedBooter.run(ForkedBooter.java:595)
at org.apache.maven.surefire.booter.ForkedBooter.main(ForkedBooter.java:581)
]]>
            </full-stacktrace>
          </exception> <!-- org.testng.TestNGException -->
          <reporter-output>
          </reporter-output>
        </test-method> <!-- tutorialsNinjaLoginTest -->
      </class> <!-- testng_revision_7th_Apr_2023.Paramterization_TestCases -->
    </test> <!-- Test -->
  </suite> <!-- Suite -->
  <suite name="Suite (0)" duration-ms="5" started-at="2023-04-14T17:48:20Z" finished-at="2023-04-14T17:48:20Z">
    <groups>
      <group name="windows.smoke">
        <method signature="Groups_InTestNG.tc1()[pri:0, instance:testng_revision_7th_Apr_2023.Groups_InTestNG@689604d9]" name="tc1" class="testng_revision_7th_Apr_2023.Groups_InTestNG"/>
      </group> <!-- windows.smoke -->
      <group name="CompleteClassLevelTests">
        <method signature="Groups_InTestNG.tc1()[pri:0, instance:testng_revision_7th_Apr_2023.Groups_InTestNG@689604d9]" name="tc1" class="testng_revision_7th_Apr_2023.Groups_InTestNG"/>
        <method signature="Groups_InTestNG.tc2()[pri:0, instance:testng_revision_7th_Apr_2023.Groups_InTestNG@689604d9]" name="tc2" class="testng_revision_7th_Apr_2023.Groups_InTestNG"/>
        <method signature="Groups_InTestNG.tc3()[pri:0, instance:testng_revision_7th_Apr_2023.Groups_InTestNG@689604d9]" name="tc3" class="testng_revision_7th_Apr_2023.Groups_InTestNG"/>
        <method signature="Groups_InTestNG.tc4()[pri:0, instance:testng_revision_7th_Apr_2023.Groups_InTestNG@689604d9]" name="tc4" class="testng_revision_7th_Apr_2023.Groups_InTestNG"/>
      </group> <!-- CompleteClassLevelTests -->
      <group name="regression">
        <method signature="Groups_InTestNG.tc3()[pri:0, instance:testng_revision_7th_Apr_2023.Groups_InTestNG@689604d9]" name="tc3" class="testng_revision_7th_Apr_2023.Groups_InTestNG"/>
      </group> <!-- regression -->
      <group name="smoke">
        <method signature="Groups_InTestNG.tc2()[pri:0, instance:testng_revision_7th_Apr_2023.Groups_InTestNG@689604d9]" name="tc2" class="testng_revision_7th_Apr_2023.Groups_InTestNG"/>
        <method signature="Groups_InTestNG.tc3()[pri:0, instance:testng_revision_7th_Apr_2023.Groups_InTestNG@689604d9]" name="tc3" class="testng_revision_7th_Apr_2023.Groups_InTestNG"/>
      </group> <!-- smoke -->
      <group name="sanity">
        <method signature="Groups_InTestNG.tc2()[pri:0, instance:testng_revision_7th_Apr_2023.Groups_InTestNG@689604d9]" name="tc2" class="testng_revision_7th_Apr_2023.Groups_InTestNG"/>
        <method signature="Groups_InTestNG.tc3()[pri:0, instance:testng_revision_7th_Apr_2023.Groups_InTestNG@689604d9]" name="tc3" class="testng_revision_7th_Apr_2023.Groups_InTestNG"/>
      </group> <!-- sanity -->
      <group name="windows.sanity">
        <method signature="Groups_InTestNG.tc4()[pri:0, instance:testng_revision_7th_Apr_2023.Groups_InTestNG@689604d9]" name="tc4" class="testng_revision_7th_Apr_2023.Groups_InTestNG"/>
      </group> <!-- windows.sanity -->
    </groups>
    <test name="Test" duration-ms="5" started-at="2023-04-14T17:48:20Z" finished-at="2023-04-14T17:48:20Z">
      <class name="testng_revision_7th_Apr_2023.Groups_InTestNG">
        <test-method status="PASS" signature="tc1()[pri:0, instance:testng_revision_7th_Apr_2023.Groups_InTestNG@689604d9]" name="tc1" duration-ms="0" started-at="2023-04-14T17:48:20Z" finished-at="2023-04-14T17:48:20Z">
          <reporter-output>
          </reporter-output>
        </test-method> <!-- tc1 -->
        <test-method status="PASS" signature="tc3()[pri:0, instance:testng_revision_7th_Apr_2023.Groups_InTestNG@689604d9]" name="tc3" duration-ms="0" started-at="2023-04-14T17:48:20Z" finished-at="2023-04-14T17:48:20Z">
          <reporter-output>
          </reporter-output>
        </test-method> <!-- tc3 -->
        <test-method status="PASS" signature="tc2()[pri:0, instance:testng_revision_7th_Apr_2023.Groups_InTestNG@689604d9]" name="tc2" duration-ms="0" started-at="2023-04-14T17:48:20Z" finished-at="2023-04-14T17:48:20Z">
          <reporter-output>
          </reporter-output>
        </test-method> <!-- tc2 -->
        <test-method status="PASS" signature="tc4()[pri:0, instance:testng_revision_7th_Apr_2023.Groups_InTestNG@689604d9]" name="tc4" duration-ms="0" started-at="2023-04-14T17:48:20Z" finished-at="2023-04-14T17:48:20Z">
          <reporter-output>
          </reporter-output>
        </test-method> <!-- tc4 -->
      </class> <!-- testng_revision_7th_Apr_2023.Groups_InTestNG -->
    </test> <!-- Test -->
  </suite> <!-- Suite (0) -->
</testng-results>
